This is pdfTeX, Version 3.1415926-2.5-1.40.14 (MiKTeX 2.9 64-bit) (preloaded format=pdflatex 2017.1.22)  22 JAN 2017 21:39
entering extended mode
**report_assignment_4_ziengs_bart.tex
(H:\workspace\Algoritmiek\report\report_assignment_4_ziengs_bart.tex
LaTeX2e <2011/06/27>
Babel <v3.8m> and hyphenation patterns for english, afrikaans, ancientgreek, ar
abic, armenian, assamese, basque, bengali, bokmal, bulgarian, catalan, coptic, 
croatian, czech, danish, dutch, esperanto, estonian, farsi, finnish, french, ga
lician, german, german-x-2013-05-26, greek, gujarati, hindi, hungarian, iceland
ic, indonesian, interlingua, irish, italian, kannada, kurmanji, latin, latvian,
 lithuanian, malayalam, marathi, mongolian, mongolianlmc, monogreek, ngerman, n
german-x-2013-05-26, nynorsk, oriya, panjabi, pinyin, polish, portuguese, roman
ian, russian, sanskrit, serbian, slovak, slovenian, spanish, swedish, swissgerm
an, tamil, telugu, turkish, turkmen, ukenglish, ukrainian, uppersorbian, usengl
ishmax, welsh, loaded.
("Q:\MIKTEX-2.9-EN-W7Ex64\MiKTeX 2.9\tex\latex\base\article.cls"
Document Class: article 2007/10/19 v1.4h Standard LaTeX document class
("Q:\MIKTEX-2.9-EN-W7Ex64\MiKTeX 2.9\tex\latex\base\size11.clo"
File: size11.clo 2007/10/19 v1.4h Standard LaTeX file (size option)
)
\c@part=\count79
\c@section=\count80
\c@subsection=\count81
\c@subsubsection=\count82
\c@paragraph=\count83
\c@subparagraph=\count84
\c@figure=\count85
\c@table=\count86
\abovecaptionskip=\skip41
\belowcaptionskip=\skip42
\bibindent=\dimen102
)
("Q:\MIKTEX-2.9-EN-W7Ex64\MiKTeX 2.9\tex\latex\pgf\frontendlayer\tikz.sty"
("Q:\MIKTEX-2.9-EN-W7Ex64\MiKTeX 2.9\tex\latex\pgf\basiclayer\pgf.sty"
("Q:\MIKTEX-2.9-EN-W7Ex64\MiKTeX 2.9\tex\latex\pgf\utilities\pgfrcs.sty"
("Q:\MIKTEX-2.9-EN-W7Ex64\MiKTeX 2.9\tex\generic\pgf\utilities\pgfutil-common.t
ex"
\pgfutil@everybye=\toks14
)
("Q:\MIKTEX-2.9-EN-W7Ex64\MiKTeX 2.9\tex\generic\pgf\utilities\pgfutil-latex.de
f"
\pgfutil@abb=\box26
 ("Q:\MIKTEX-2.9-EN-W7Ex64\MiKTeX 2.9\tex\latex\ms\everyshi.sty"
Package: everyshi 2001/05/15 v3.00 EveryShipout Package (MS)
))
("Q:\MIKTEX-2.9-EN-W7Ex64\MiKTeX 2.9\tex\generic\pgf\utilities\pgfrcs.code.tex"
Package: pgfrcs 2010/10/25 v2.10 (rcs-revision 1.24)
))
Package: pgf 2008/01/15 v2.10 (rcs-revision 1.12)
 ("Q:\MIKTEX-2.9-EN-W7Ex64\MiKTeX 2.9\tex\latex\pgf\basiclayer\pgfcore.sty"
("Q:\MIKTEX-2.9-EN-W7Ex64\MiKTeX 2.9\tex\latex\graphics\graphicx.sty"
Package: graphicx 1999/02/16 v1.0f Enhanced LaTeX Graphics (DPC,SPQR)

("Q:\MIKTEX-2.9-EN-W7Ex64\MiKTeX 2.9\tex\latex\graphics\keyval.sty"
Package: keyval 1999/03/16 v1.13 key=value parser (DPC)
\KV@toks@=\toks15
)
("Q:\MIKTEX-2.9-EN-W7Ex64\MiKTeX 2.9\tex\latex\graphics\graphics.sty"
Package: graphics 2009/02/05 v1.0o Standard LaTeX Graphics (DPC,SPQR)

("Q:\MIKTEX-2.9-EN-W7Ex64\MiKTeX 2.9\tex\latex\graphics\trig.sty"
Package: trig 1999/03/16 v1.09 sin cos tan (DPC)
)
("Q:\MIKTEX-2.9-EN-W7Ex64\MiKTeX 2.9\tex\latex\00miktex\graphics.cfg"
File: graphics.cfg 2007/01/18 v1.5 graphics configuration of teTeX/TeXLive
)
Package graphics Info: Driver file: pdftex.def on input line 91.

("Q:\MIKTEX-2.9-EN-W7Ex64\MiKTeX 2.9\tex\latex\pdftex-def\pdftex.def"
File: pdftex.def 2011/05/27 v0.06d Graphics/color for pdfTeX

("Q:\MIKTEX-2.9-EN-W7Ex64\MiKTeX 2.9\tex\generic\oberdiek\infwarerr.sty"
Package: infwarerr 2010/04/08 v1.3 Providing info/warning/error messages (HO)
)
("Q:\MIKTEX-2.9-EN-W7Ex64\MiKTeX 2.9\tex\generic\oberdiek\ltxcmds.sty"
Package: ltxcmds 2011/11/09 v1.22 LaTeX kernel commands for general use (HO)
)
\Gread@gobject=\count87
))
\Gin@req@height=\dimen103
\Gin@req@width=\dimen104
)
("Q:\MIKTEX-2.9-EN-W7Ex64\MiKTeX 2.9\tex\latex\pgf\systemlayer\pgfsys.sty"
("Q:\MIKTEX-2.9-EN-W7Ex64\MiKTeX 2.9\tex\generic\pgf\systemlayer\pgfsys.code.te
x"
Package: pgfsys 2010/06/30 v2.10 (rcs-revision 1.37)

("Q:\MIKTEX-2.9-EN-W7Ex64\MiKTeX 2.9\tex\generic\pgf\utilities\pgfkeys.code.tex
"
\pgfkeys@pathtoks=\toks16
\pgfkeys@temptoks=\toks17

("Q:\MIKTEX-2.9-EN-W7Ex64\MiKTeX 2.9\tex\generic\pgf\utilities\pgfkeysfiltered.
code.tex"
\pgfkeys@tmptoks=\toks18
))
\pgf@x=\dimen105
\pgf@y=\dimen106
\pgf@xa=\dimen107
\pgf@ya=\dimen108
\pgf@xb=\dimen109
\pgf@yb=\dimen110
\pgf@xc=\dimen111
\pgf@yc=\dimen112
\w@pgf@writea=\write3
\r@pgf@reada=\read1
\c@pgf@counta=\count88
\c@pgf@countb=\count89
\c@pgf@countc=\count90
\c@pgf@countd=\count91

("Q:\MIKTEX-2.9-EN-W7Ex64\MiKTeX 2.9\tex\generic\pgf\systemlayer\pgf.cfg"
File: pgf.cfg 2008/05/14  (rcs-revision 1.7)
)
Package pgfsys Info: Driver file for pgf: pgfsys-pdftex.def on input line 900.

("Q:\MIKTEX-2.9-EN-W7Ex64\MiKTeX 2.9\tex\generic\pgf\systemlayer\pgfsys-pdftex.
def"
File: pgfsys-pdftex.def 2009/05/22  (rcs-revision 1.26)

("Q:\MIKTEX-2.9-EN-W7Ex64\MiKTeX 2.9\tex\generic\pgf\systemlayer\pgfsys-common-
pdf.def"
File: pgfsys-common-pdf.def 2008/05/19  (rcs-revision 1.10)
)))
("Q:\MIKTEX-2.9-EN-W7Ex64\MiKTeX 2.9\tex\generic\pgf\systemlayer\pgfsyssoftpath
.code.tex"
File: pgfsyssoftpath.code.tex 2008/07/18  (rcs-revision 1.7)
\pgfsyssoftpath@smallbuffer@items=\count92
\pgfsyssoftpath@bigbuffer@items=\count93
)
("Q:\MIKTEX-2.9-EN-W7Ex64\MiKTeX 2.9\tex\generic\pgf\systemlayer\pgfsysprotocol
.code.tex"
File: pgfsysprotocol.code.tex 2006/10/16  (rcs-revision 1.4)
)) ("Q:\MIKTEX-2.9-EN-W7Ex64\MiKTeX 2.9\tex\latex\xcolor\xcolor.sty"
Package: xcolor 2007/01/21 v2.11 LaTeX color extensions (UK)

("Q:\MIKTEX-2.9-EN-W7Ex64\MiKTeX 2.9\tex\latex\00miktex\color.cfg"
File: color.cfg 2007/01/18 v1.5 color configuration of teTeX/TeXLive
)
Package xcolor Info: Driver file: pdftex.def on input line 225.
Package xcolor Info: Model `cmy' substituted by `cmy0' on input line 1337.
Package xcolor Info: Model `hsb' substituted by `rgb' on input line 1341.
Package xcolor Info: Model `RGB' extended on input line 1353.
Package xcolor Info: Model `HTML' substituted by `rgb' on input line 1355.
Package xcolor Info: Model `Hsb' substituted by `hsb' on input line 1356.
Package xcolor Info: Model `tHsb' substituted by `hsb' on input line 1357.
Package xcolor Info: Model `HSB' substituted by `hsb' on input line 1358.
Package xcolor Info: Model `Gray' substituted by `gray' on input line 1359.
Package xcolor Info: Model `wave' substituted by `hsb' on input line 1360.
)
("Q:\MIKTEX-2.9-EN-W7Ex64\MiKTeX 2.9\tex\generic\pgf\basiclayer\pgfcore.code.te
x"
Package: pgfcore 2010/04/11 v2.10 (rcs-revision 1.7)
 ("Q:\MIKTEX-2.9-EN-W7Ex64\MiKTeX 2.9\tex\generic\pgf\math\pgfmath.code.tex"
("Q:\MIKTEX-2.9-EN-W7Ex64\MiKTeX 2.9\tex\generic\pgf\math\pgfmathcalc.code.tex"
("Q:\MIKTEX-2.9-EN-W7Ex64\MiKTeX 2.9\tex\generic\pgf\math\pgfmathutil.code.tex"
)
("Q:\MIKTEX-2.9-EN-W7Ex64\MiKTeX 2.9\tex\generic\pgf\math\pgfmathparser.code.te
x"
\pgfmath@dimen=\dimen113
\pgfmath@count=\count94
\pgfmath@box=\box27
\pgfmath@toks=\toks19
\pgfmath@stack@operand=\toks20
\pgfmath@stack@operation=\toks21
)
("Q:\MIKTEX-2.9-EN-W7Ex64\MiKTeX 2.9\tex\generic\pgf\math\pgfmathfunctions.code
.tex"
("Q:\MIKTEX-2.9-EN-W7Ex64\MiKTeX 2.9\tex\generic\pgf\math\pgfmathfunctions.basi
c.code.tex")
("Q:\MIKTEX-2.9-EN-W7Ex64\MiKTeX 2.9\tex\generic\pgf\math\pgfmathfunctions.trig
onometric.code.tex")
("Q:\MIKTEX-2.9-EN-W7Ex64\MiKTeX 2.9\tex\generic\pgf\math\pgfmathfunctions.rand
om.code.tex")
("Q:\MIKTEX-2.9-EN-W7Ex64\MiKTeX 2.9\tex\generic\pgf\math\pgfmathfunctions.comp
arison.code.tex")
("Q:\MIKTEX-2.9-EN-W7Ex64\MiKTeX 2.9\tex\generic\pgf\math\pgfmathfunctions.base
.code.tex")
("Q:\MIKTEX-2.9-EN-W7Ex64\MiKTeX 2.9\tex\generic\pgf\math\pgfmathfunctions.roun
d.code.tex")
("Q:\MIKTEX-2.9-EN-W7Ex64\MiKTeX 2.9\tex\generic\pgf\math\pgfmathfunctions.misc
.code.tex")))
("Q:\MIKTEX-2.9-EN-W7Ex64\MiKTeX 2.9\tex\generic\pgf\math\pgfmathfloat.code.tex
"
\c@pgfmathroundto@lastzeros=\count95
))
("Q:\MIKTEX-2.9-EN-W7Ex64\MiKTeX 2.9\tex\generic\pgf\basiclayer\pgfcorepoints.c
ode.tex"
File: pgfcorepoints.code.tex 2010/04/09  (rcs-revision 1.20)
\pgf@picminx=\dimen114
\pgf@picmaxx=\dimen115
\pgf@picminy=\dimen116
\pgf@picmaxy=\dimen117
\pgf@pathminx=\dimen118
\pgf@pathmaxx=\dimen119
\pgf@pathminy=\dimen120
\pgf@pathmaxy=\dimen121
\pgf@xx=\dimen122
\pgf@xy=\dimen123
\pgf@yx=\dimen124
\pgf@yy=\dimen125
\pgf@zx=\dimen126
\pgf@zy=\dimen127
)
("Q:\MIKTEX-2.9-EN-W7Ex64\MiKTeX 2.9\tex\generic\pgf\basiclayer\pgfcorepathcons
truct.code.tex"
File: pgfcorepathconstruct.code.tex 2010/08/03  (rcs-revision 1.24)
\pgf@path@lastx=\dimen128
\pgf@path@lasty=\dimen129
)
("Q:\MIKTEX-2.9-EN-W7Ex64\MiKTeX 2.9\tex\generic\pgf\basiclayer\pgfcorepathusag
e.code.tex"
File: pgfcorepathusage.code.tex 2008/04/22  (rcs-revision 1.12)
\pgf@shorten@end@additional=\dimen130
\pgf@shorten@start@additional=\dimen131
)
("Q:\MIKTEX-2.9-EN-W7Ex64\MiKTeX 2.9\tex\generic\pgf\basiclayer\pgfcorescopes.c
ode.tex"
File: pgfcorescopes.code.tex 2010/09/08  (rcs-revision 1.34)
\pgfpic=\box28
\pgf@hbox=\box29
\pgf@layerbox@main=\box30
\pgf@picture@serial@count=\count96
)
("Q:\MIKTEX-2.9-EN-W7Ex64\MiKTeX 2.9\tex\generic\pgf\basiclayer\pgfcoregraphics
tate.code.tex"
File: pgfcoregraphicstate.code.tex 2008/04/22  (rcs-revision 1.9)
\pgflinewidth=\dimen132
)
("Q:\MIKTEX-2.9-EN-W7Ex64\MiKTeX 2.9\tex\generic\pgf\basiclayer\pgfcoretransfor
mations.code.tex"
File: pgfcoretransformations.code.tex 2009/06/10  (rcs-revision 1.11)
\pgf@pt@x=\dimen133
\pgf@pt@y=\dimen134
\pgf@pt@temp=\dimen135
)
("Q:\MIKTEX-2.9-EN-W7Ex64\MiKTeX 2.9\tex\generic\pgf\basiclayer\pgfcorequick.co
de.tex"
File: pgfcorequick.code.tex 2008/10/09  (rcs-revision 1.3)
)
("Q:\MIKTEX-2.9-EN-W7Ex64\MiKTeX 2.9\tex\generic\pgf\basiclayer\pgfcoreobjects.
code.tex"
File: pgfcoreobjects.code.tex 2006/10/11  (rcs-revision 1.2)
)
("Q:\MIKTEX-2.9-EN-W7Ex64\MiKTeX 2.9\tex\generic\pgf\basiclayer\pgfcorepathproc
essing.code.tex"
File: pgfcorepathprocessing.code.tex 2008/10/09  (rcs-revision 1.8)
)
("Q:\MIKTEX-2.9-EN-W7Ex64\MiKTeX 2.9\tex\generic\pgf\basiclayer\pgfcorearrows.c
ode.tex"
File: pgfcorearrows.code.tex 2008/04/23  (rcs-revision 1.11)
)
("Q:\MIKTEX-2.9-EN-W7Ex64\MiKTeX 2.9\tex\generic\pgf\basiclayer\pgfcoreshade.co
de.tex"
File: pgfcoreshade.code.tex 2008/11/23  (rcs-revision 1.13)
\pgf@max=\dimen136
\pgf@sys@shading@range@num=\count97
)
("Q:\MIKTEX-2.9-EN-W7Ex64\MiKTeX 2.9\tex\generic\pgf\basiclayer\pgfcoreimage.co
de.tex"
File: pgfcoreimage.code.tex 2010/03/25  (rcs-revision 1.16)

("Q:\MIKTEX-2.9-EN-W7Ex64\MiKTeX 2.9\tex\generic\pgf\basiclayer\pgfcoreexternal
.code.tex"
File: pgfcoreexternal.code.tex 2010/09/01  (rcs-revision 1.17)
\pgfexternal@startupbox=\box31
))
("Q:\MIKTEX-2.9-EN-W7Ex64\MiKTeX 2.9\tex\generic\pgf\basiclayer\pgfcorelayers.c
ode.tex"
File: pgfcorelayers.code.tex 2010/08/27  (rcs-revision 1.2)
)
("Q:\MIKTEX-2.9-EN-W7Ex64\MiKTeX 2.9\tex\generic\pgf\basiclayer\pgfcoretranspar
ency.code.tex"
File: pgfcoretransparency.code.tex 2008/01/17  (rcs-revision 1.2)
)
("Q:\MIKTEX-2.9-EN-W7Ex64\MiKTeX 2.9\tex\generic\pgf\basiclayer\pgfcorepatterns
.code.tex"
File: pgfcorepatterns.code.tex 2009/07/02  (rcs-revision 1.3)
)))
("Q:\MIKTEX-2.9-EN-W7Ex64\MiKTeX 2.9\tex\generic\pgf\modules\pgfmoduleshapes.co
de.tex"
File: pgfmoduleshapes.code.tex 2010/09/09  (rcs-revision 1.13)
\pgfnodeparttextbox=\box32
)
("Q:\MIKTEX-2.9-EN-W7Ex64\MiKTeX 2.9\tex\generic\pgf\modules\pgfmoduleplot.code
.tex"
File: pgfmoduleplot.code.tex 2010/10/22  (rcs-revision 1.8)
)
("Q:\MIKTEX-2.9-EN-W7Ex64\MiKTeX 2.9\tex\latex\pgf\compatibility\pgfcomp-versio
n-0-65.sty"
Package: pgfcomp-version-0-65 2007/07/03 v2.10 (rcs-revision 1.7)
\pgf@nodesepstart=\dimen137
\pgf@nodesepend=\dimen138
)
("Q:\MIKTEX-2.9-EN-W7Ex64\MiKTeX 2.9\tex\latex\pgf\compatibility\pgfcomp-versio
n-1-18.sty"
Package: pgfcomp-version-1-18 2007/07/23 v2.10 (rcs-revision 1.1)
))
("Q:\MIKTEX-2.9-EN-W7Ex64\MiKTeX 2.9\tex\latex\pgf\utilities\pgffor.sty"
("Q:\MIKTEX-2.9-EN-W7Ex64\MiKTeX 2.9\tex\latex\pgf\utilities\pgfkeys.sty"
("Q:\MIKTEX-2.9-EN-W7Ex64\MiKTeX 2.9\tex\generic\pgf\utilities\pgfkeys.code.tex
"))
("Q:\MIKTEX-2.9-EN-W7Ex64\MiKTeX 2.9\tex\generic\pgf\utilities\pgffor.code.tex"
Package: pgffor 2010/03/23 v2.10 (rcs-revision 1.18)
\pgffor@iter=\dimen139
\pgffor@skip=\dimen140
\pgffor@stack=\toks22
\pgffor@toks=\toks23
))
("Q:\MIKTEX-2.9-EN-W7Ex64\MiKTeX 2.9\tex\generic\pgf\frontendlayer\tikz\tikz.co
de.tex"
Package: tikz 2010/10/13 v2.10 (rcs-revision 1.76)

("Q:\MIKTEX-2.9-EN-W7Ex64\MiKTeX 2.9\tex\generic\pgf\libraries\pgflibraryplotha
ndlers.code.tex"
File: pgflibraryplothandlers.code.tex 2010/05/31 v2.10 (rcs-revision 1.15)
\pgf@plot@mark@count=\count98
\pgfplotmarksize=\dimen141
)
\tikz@lastx=\dimen142
\tikz@lasty=\dimen143
\tikz@lastxsaved=\dimen144
\tikz@lastysaved=\dimen145
\tikzleveldistance=\dimen146
\tikzsiblingdistance=\dimen147
\tikz@figbox=\box33
\tikz@tempbox=\box34
\tikztreelevel=\count99
\tikznumberofchildren=\count100
\tikznumberofcurrentchild=\count101
\tikz@fig@count=\count102

("Q:\MIKTEX-2.9-EN-W7Ex64\MiKTeX 2.9\tex\generic\pgf\modules\pgfmodulematrix.co
de.tex"
File: pgfmodulematrix.code.tex 2010/08/24  (rcs-revision 1.4)
\pgfmatrixcurrentrow=\count103
\pgfmatrixcurrentcolumn=\count104
\pgf@matrix@numberofcolumns=\count105
)
\tikz@expandcount=\count106

("Q:\MIKTEX-2.9-EN-W7Ex64\MiKTeX 2.9\tex\generic\pgf\frontendlayer\tikz\librari
es\tikzlibrarytopaths.code.tex"
File: tikzlibrarytopaths.code.tex 2008/06/17 v2.10 (rcs-revision 1.2)
)))
("Q:\MIKTEX-2.9-EN-W7Ex64\MiKTeX 2.9\tex\generic\babel\babel.sty"
Package: babel 2008/07/08 v3.8m The Babel package

*************************************
* Local config file bblopts.cfg used
*
("Q:\MIKTEX-2.9-EN-W7Ex64\MiKTeX 2.9\tex\latex\00miktex\bblopts.cfg"
File: bblopts.cfg 2006/07/31 v1.0 MiKTeX 'babel' configuration
)
("Q:\MIKTEX-2.9-EN-W7Ex64\MiKTeX 2.9\tex\generic\babel\english.ldf"
Language: english 2005/03/30 v3.3o English support from the babel system

("Q:\MIKTEX-2.9-EN-W7Ex64\MiKTeX 2.9\tex\generic\babel\babel.def"
File: babel.def 2008/07/08 v3.8m Babel common definitions
\babel@savecnt=\count107
\U@D=\dimen148
)
\l@canadian = a dialect from \language\l@american 
\l@australian = a dialect from \language\l@british 
\l@newzealand = a dialect from \language\l@british 
))
("Q:\MIKTEX-2.9-EN-W7Ex64\MiKTeX 2.9\tex\latex\amsmath\amsmath.sty"
Package: amsmath 2013/01/14 v2.14 AMS math features
\@mathmargin=\skip43

For additional information on amsmath, use the `?' option.
("Q:\MIKTEX-2.9-EN-W7Ex64\MiKTeX 2.9\tex\latex\amsmath\amstext.sty"
Package: amstext 2000/06/29 v2.01

("Q:\MIKTEX-2.9-EN-W7Ex64\MiKTeX 2.9\tex\latex\amsmath\amsgen.sty"
File: amsgen.sty 1999/11/30 v2.0
\@emptytoks=\toks24
\ex@=\dimen149
))
("Q:\MIKTEX-2.9-EN-W7Ex64\MiKTeX 2.9\tex\latex\amsmath\amsbsy.sty"
Package: amsbsy 1999/11/29 v1.2d
\pmbraise@=\dimen150
)
("Q:\MIKTEX-2.9-EN-W7Ex64\MiKTeX 2.9\tex\latex\amsmath\amsopn.sty"
Package: amsopn 1999/12/14 v2.01 operator names
)
\inf@bad=\count108
LaTeX Info: Redefining \frac on input line 210.
\uproot@=\count109
\leftroot@=\count110
LaTeX Info: Redefining \overline on input line 306.
\classnum@=\count111
\DOTSCASE@=\count112
LaTeX Info: Redefining \ldots on input line 378.
LaTeX Info: Redefining \dots on input line 381.
LaTeX Info: Redefining \cdots on input line 466.
\Mathstrutbox@=\box35
\strutbox@=\box36
\big@size=\dimen151
LaTeX Font Info:    Redeclaring font encoding OML on input line 566.
LaTeX Font Info:    Redeclaring font encoding OMS on input line 567.
\macc@depth=\count113
\c@MaxMatrixCols=\count114
\dotsspace@=\muskip10
\c@parentequation=\count115
\dspbrk@lvl=\count116
\tag@help=\toks25
\row@=\count117
\column@=\count118
\maxfields@=\count119
\andhelp@=\toks26
\eqnshift@=\dimen152
\alignsep@=\dimen153
\tagshift@=\dimen154
\tagwidth@=\dimen155
\totwidth@=\dimen156
\lineht@=\dimen157
\@envbody=\toks27
\multlinegap=\skip44
\multlinetaggap=\skip45
\mathdisplay@stack=\toks28
LaTeX Info: Redefining \[ on input line 2665.
LaTeX Info: Redefining \] on input line 2666.
)
("Q:\MIKTEX-2.9-EN-W7Ex64\MiKTeX 2.9\tex\latex\amscls\amsthm.sty"
Package: amsthm 2004/08/06 v2.20
\thm@style=\toks29
\thm@bodyfont=\toks30
\thm@headfont=\toks31
\thm@notefont=\toks32
\thm@headpunct=\toks33
\thm@preskip=\skip46
\thm@postskip=\skip47
\thm@headsep=\skip48
\dth@everypar=\toks34
)
("Q:\MIKTEX-2.9-EN-W7Ex64\MiKTeX 2.9\tex\latex\amsfonts\amssymb.sty"
Package: amssymb 2013/01/14 v3.01 AMS font symbols

("Q:\MIKTEX-2.9-EN-W7Ex64\MiKTeX 2.9\tex\latex\amsfonts\amsfonts.sty"
Package: amsfonts 2013/01/14 v3.01 Basic AMSFonts support
\symAMSa=\mathgroup4
\symAMSb=\mathgroup5
LaTeX Font Info:    Overwriting math alphabet `\mathfrak' in version `bold'
(Font)                  U/euf/m/n --> U/euf/b/n on input line 106.
))
("Q:\MIKTEX-2.9-EN-W7Ex64\MiKTeX 2.9\tex\latex\tools\verbatim.sty"
Package: verbatim 2003/08/22 v1.5q LaTeX2e package for verbatim enhancements
\every@verbatim=\toks35
\verbatim@line=\toks36
\verbatim@in@stream=\read2
)
("Q:\MIKTEX-2.9-EN-W7Ex64\MiKTeX 2.9\tex\generic\pgf\frontendlayer\tikz\librari
es\tikzlibraryarrows.code.tex"
File: tikzlibraryarrows.code.tex 2008/01/09 v2.10 (rcs-revision 1.1)

("Q:\MIKTEX-2.9-EN-W7Ex64\MiKTeX 2.9\tex\generic\pgf\libraries\pgflibraryarrows
.code.tex"
File: pgflibraryarrows.code.tex 2008/10/27 v2.10 (rcs-revision 1.9)
\arrowsize=\dimen158
))
("Q:\MIKTEX-2.9-EN-W7Ex64\MiKTeX 2.9\tex\latex\geometry\geometry.sty"
Package: geometry 2010/09/12 v5.6 Page Geometry

("Q:\MIKTEX-2.9-EN-W7Ex64\MiKTeX 2.9\tex\generic\oberdiek\ifpdf.sty"
Package: ifpdf 2011/01/30 v2.3 Provides the ifpdf switch (HO)
Package ifpdf Info: pdfTeX in PDF mode is detected.
)
("Q:\MIKTEX-2.9-EN-W7Ex64\MiKTeX 2.9\tex\generic\oberdiek\ifvtex.sty"
Package: ifvtex 2010/03/01 v1.5 Detect VTeX and its facilities (HO)
Package ifvtex Info: VTeX not detected.
)
("Q:\MIKTEX-2.9-EN-W7Ex64\MiKTeX 2.9\tex\generic\ifxetex\ifxetex.sty"
Package: ifxetex 2010/09/12 v0.6 Provides ifxetex conditional
)
\Gm@cnth=\count120
\Gm@cntv=\count121
\c@Gm@tempcnt=\count122
\Gm@bindingoffset=\dimen159
\Gm@wd@mp=\dimen160
\Gm@odd@mp=\dimen161
\Gm@even@mp=\dimen162
\Gm@layoutwidth=\dimen163
\Gm@layoutheight=\dimen164
\Gm@layouthoffset=\dimen165
\Gm@layoutvoffset=\dimen166
\Gm@dimlist=\toks37

("Q:\MIKTEX-2.9-EN-W7Ex64\MiKTeX 2.9\tex\latex\geometry\geometry.cfg"))
("Q:\MIKTEX-2.9-EN-W7Ex64\MiKTeX 2.9\tex\latex\hyperref\hyperref.sty"
Package: hyperref 2012/11/06 v6.83m Hypertext links for LaTeX

("Q:\MIKTEX-2.9-EN-W7Ex64\MiKTeX 2.9\tex\generic\oberdiek\hobsub-hyperref.sty"
Package: hobsub-hyperref 2012/04/25 v1.12 Bundle oberdiek, subset hyperref (HO)


("Q:\MIKTEX-2.9-EN-W7Ex64\MiKTeX 2.9\tex\generic\oberdiek\hobsub-generic.sty"
Package: hobsub-generic 2012/04/25 v1.12 Bundle oberdiek, subset generic (HO)
Package: hobsub 2012/04/25 v1.12 Construct package bundles (HO)
Package hobsub Info: Skipping package `infwarerr' (already loaded).
Package hobsub Info: Skipping package `ltxcmds' (already loaded).
Package: ifluatex 2010/03/01 v1.3 Provides the ifluatex switch (HO)
Package ifluatex Info: LuaTeX not detected.
Package hobsub Info: Skipping package `ifvtex' (already loaded).
Package: intcalc 2007/09/27 v1.1 Expandable calculations with integers (HO)
Package hobsub Info: Skipping package `ifpdf' (already loaded).
Package: etexcmds 2011/02/16 v1.5 Avoid name clashes with e-TeX commands (HO)
Package etexcmds Info: Could not find \expanded.
(etexcmds)             That can mean that you are not using pdfTeX 1.50 or
(etexcmds)             that some package has redefined \expanded.
(etexcmds)             In the latter case, load this package earlier.
Package: kvsetkeys 2012/04/25 v1.16 Key value parser (HO)
Package: kvdefinekeys 2011/04/07 v1.3 Define keys (HO)
Package: pdftexcmds 2011/11/29 v0.20 Utility functions of pdfTeX for LuaTeX (HO
)
Package pdftexcmds Info: LuaTeX not detected.
Package pdftexcmds Info: \pdf@primitive is available.
Package pdftexcmds Info: \pdf@ifprimitive is available.
Package pdftexcmds Info: \pdfdraftmode found.
Package: pdfescape 2011/11/25 v1.13 Implements pdfTeX's escape features (HO)
Package: bigintcalc 2012/04/08 v1.3 Expandable calculations on big integers (HO
)
Package: bitset 2011/01/30 v1.1 Handle bit-vector datatype (HO)
Package: uniquecounter 2011/01/30 v1.2 Provide unlimited unique counter (HO)
)
Package hobsub Info: Skipping package `hobsub' (already loaded).
Package: letltxmacro 2010/09/02 v1.4 Let assignment for LaTeX macros (HO)
Package: hopatch 2011/06/24 v1.1 Wrapper for package hooks (HO)
Package: xcolor-patch 2011/01/30 xcolor patch
Package: atveryend 2011/06/30 v1.8 Hooks at the very end of document (HO)
Package atveryend Info: \enddocument detected (standard20110627).
Package: atbegshi 2011/10/05 v1.16 At begin shipout hook (HO)
Package: refcount 2011/10/16 v3.4 Data extraction from label references (HO)
Package: hycolor 2011/01/30 v1.7 Color options for hyperref/bookmark (HO)
) ("Q:\MIKTEX-2.9-EN-W7Ex64\MiKTeX 2.9\tex\latex\oberdiek\auxhook.sty"
Package: auxhook 2011/03/04 v1.3 Hooks for auxiliary files (HO)
)
("Q:\MIKTEX-2.9-EN-W7Ex64\MiKTeX 2.9\tex\latex\oberdiek\kvoptions.sty"
Package: kvoptions 2011/06/30 v3.11 Key value format for package options (HO)
)
\@linkdim=\dimen167
\Hy@linkcounter=\count123
\Hy@pagecounter=\count124

("Q:\MIKTEX-2.9-EN-W7Ex64\MiKTeX 2.9\tex\latex\hyperref\pd1enc.def"
File: pd1enc.def 2012/11/06 v6.83m Hyperref: PDFDocEncoding definition (HO)
)
\Hy@SavedSpaceFactor=\count125

("Q:\MIKTEX-2.9-EN-W7Ex64\MiKTeX 2.9\tex\latex\00miktex\hyperref.cfg"
File: hyperref.cfg 2002/06/06 v1.2 hyperref configuration of TeXLive
)
Package hyperref Info: Hyper figures OFF on input line 4443.
Package hyperref Info: Link nesting OFF on input line 4448.
Package hyperref Info: Hyper index ON on input line 4451.
Package hyperref Info: Plain pages OFF on input line 4458.
Package hyperref Info: Backreferencing OFF on input line 4463.
Package hyperref Info: Implicit mode ON; LaTeX internals redefined.
Package hyperref Info: Bookmarks ON on input line 4688.
\c@Hy@tempcnt=\count126

("Q:\MIKTEX-2.9-EN-W7Ex64\MiKTeX 2.9\tex\latex\url\url.sty"
\Urlmuskip=\muskip11
Package: url 2006/04/12  ver 3.3  Verb mode for urls, etc.
)
LaTeX Info: Redefining \url on input line 5041.
\XeTeXLinkMargin=\dimen168
\Fld@menulength=\count127
\Field@Width=\dimen169
\Fld@charsize=\dimen170
Package hyperref Info: Hyper figures OFF on input line 6295.
Package hyperref Info: Link nesting OFF on input line 6300.
Package hyperref Info: Hyper index ON on input line 6303.
Package hyperref Info: backreferencing OFF on input line 6310.
Package hyperref Info: Link coloring OFF on input line 6315.
Package hyperref Info: Link coloring with OCG OFF on input line 6320.
Package hyperref Info: PDF/A mode OFF on input line 6325.
LaTeX Info: Redefining \ref on input line 6365.
LaTeX Info: Redefining \pageref on input line 6369.
\Hy@abspage=\count128
\c@Item=\count129
\c@Hfootnote=\count130
)

Package hyperref Message: Driver (autodetected): hpdftex.

("Q:\MIKTEX-2.9-EN-W7Ex64\MiKTeX 2.9\tex\latex\hyperref\hpdftex.def"
File: hpdftex.def 2012/11/06 v6.83m Hyperref driver for pdfTeX
\Fld@listcount=\count131
\c@bookmark@seq@number=\count132

("Q:\MIKTEX-2.9-EN-W7Ex64\MiKTeX 2.9\tex\latex\oberdiek\rerunfilecheck.sty"
Package: rerunfilecheck 2011/04/15 v1.7 Rerun checks for auxiliary files (HO)
Package uniquecounter Info: New unique counter `rerunfilecheck' on input line 2
82.
)
\Hy@SectionHShift=\skip49
)
("Q:\MIKTEX-2.9-EN-W7Ex64\MiKTeX 2.9\tex\latex\algorithms\algorithm.sty"
Package: algorithm 2009/08/24 v0.1 Document Style `algorithm' - floating enviro
nment

("Q:\MIKTEX-2.9-EN-W7Ex64\MiKTeX 2.9\tex\latex\float\float.sty"
Package: float 2001/11/08 v1.3d Float enhancements (AL)
\c@float@type=\count133
\float@exts=\toks38
\float@box=\box37
\@float@everytoks=\toks39
\@floatcapt=\box38
)
("Q:\MIKTEX-2.9-EN-W7Ex64\MiKTeX 2.9\tex\latex\base\ifthen.sty"
Package: ifthen 2001/05/26 v1.1c Standard LaTeX ifthen package (DPC)
)
\@float@every@algorithm=\toks40
\c@algorithm=\count134
)
("Q:\MIKTEX-2.9-EN-W7Ex64\MiKTeX 2.9\tex\latex\algorithmicx\algpseudocode.sty"
Package: algpseudocode 

("Q:\MIKTEX-2.9-EN-W7Ex64\MiKTeX 2.9\tex\latex\algorithmicx\algorithmicx.sty"
Package: algorithmicx 2005/04/27 v1.2 Algorithmicx

Document Style algorithmicx 1.2 - a greatly improved `algorithmic' style
\c@ALG@line=\count135
\c@ALG@rem=\count136
\c@ALG@nested=\count137
\ALG@tlm=\skip50
\ALG@thistlm=\skip51
\c@ALG@Lnr=\count138
\c@ALG@blocknr=\count139
\c@ALG@storecount=\count140
\c@ALG@tmpcounter=\count141
\ALG@tmplength=\skip52
)
Document Style - pseudocode environments for use with the `algorithmicx' style
) ("Q:\MIKTEX-2.9-EN-W7Ex64\MiKTeX 2.9\tex\latex\a4wide\a4wide.sty"
Package: a4wide 1994/08/30

("Q:\MIKTEX-2.9-EN-W7Ex64\MiKTeX 2.9\tex\latex\ntgclass\a4.sty"
Package: a4 2004/04/15 v1.2g A4 based page layout
))
("Q:\MIKTEX-2.9-EN-W7Ex64\MiKTeX 2.9\tex\latex\psnfss\times.sty"
Package: times 2005/04/12 PSNFSS-v9.2a (SPQR) 
)
(H:\workspace\Algoritmiek\report\report_assignment_4_ziengs_bart.aux)
LaTeX Font Info:    Checking defaults for OML/cmm/m/it on input line 25.
LaTeX Font Info:    ... okay on input line 25.
LaTeX Font Info:    Checking defaults for T1/cmr/m/n on input line 25.
LaTeX Font Info:    ... okay on input line 25.
LaTeX Font Info:    Checking defaults for OT1/cmr/m/n on input line 25.
LaTeX Font Info:    ... okay on input line 25.
LaTeX Font Info:    Checking defaults for OMS/cmsy/m/n on input line 25.
LaTeX Font Info:    ... okay on input line 25.
LaTeX Font Info:    Checking defaults for OMX/cmex/m/n on input line 25.
LaTeX Font Info:    ... okay on input line 25.
LaTeX Font Info:    Checking defaults for U/cmr/m/n on input line 25.
LaTeX Font Info:    ... okay on input line 25.
LaTeX Font Info:    Checking defaults for PD1/pdf/m/n on input line 25.
LaTeX Font Info:    ... okay on input line 25.
LaTeX Font Info:    Try loading font information for OT1+ptm on input line 25.

("Q:\MIKTEX-2.9-EN-W7Ex64\MiKTeX 2.9\tex\latex\psnfss\ot1ptm.fd"
File: ot1ptm.fd 2001/06/04 font definitions for OT1/ptm.
)
ABD: EveryShipout initializing macros
("Q:\MIKTEX-2.9-EN-W7Ex64\MiKTeX 2.9\tex\context\base\supp-pdf.mkii"
[Loading MPS to PDF converter (version 2006.09.02).]
\scratchcounter=\count142
\scratchdimen=\dimen171
\scratchbox=\box39
\nofMPsegments=\count143
\nofMParguments=\count144
\everyMPshowfont=\toks41
\MPscratchCnt=\count145
\MPscratchDim=\dimen172
\MPnumerator=\count146
\makeMPintoPDFobject=\count147
\everyMPtoPDFconversion=\toks42
)
*geometry* driver: auto-detecting
*geometry* detected driver: pdftex
*geometry* verbose mode - [ preamble ] result:
* driver: pdftex
* paper: a4paper
* layout: <same size as paper>
* layoutoffset:(h,v)=(0.0pt,0.0pt)
* modes: twoside 
* h-part:(L,W,R)=(56.9055pt, 483.69687pt, 56.9055pt)
* v-part:(T,H,B)=(56.9055pt, 731.23584pt, 56.9055pt)
* \paperwidth=597.50787pt
* \paperheight=845.04684pt
* \textwidth=442.65375pt
* \textheight=636.60028pt
* \oddsidemargin=9.03374pt
* \evensidemargin=9.03374pt
* \topmargin=0.0pt
* \headheight=12.0pt
* \headsep=25.0pt
* \topskip=11.0pt
* \footskip=30.0pt
* \marginparwidth=54.2025pt
* \marginparsep=10.0pt
* \columnsep=10.0pt
* \skip\footins=10.0pt plus 4.0pt minus 2.0pt
* \hoffset=0.0pt
* \voffset=0.0pt
* \mag=1000
* \@twocolumnfalse
* \@twosidetrue
* \@mparswitchtrue
* \@reversemarginfalse
* (1in=72.27pt=25.4mm, 1cm=28.453pt)

\AtBeginShipoutBox=\box40
Package hyperref Info: Link coloring OFF on input line 25.
("Q:\MIKTEX-2.9-EN-W7Ex64\MiKTeX 2.9\tex\latex\hyperref\nameref.sty"
Package: nameref 2012/10/27 v2.43 Cross-referencing by name of section

("Q:\MIKTEX-2.9-EN-W7Ex64\MiKTeX 2.9\tex\generic\oberdiek\gettitlestring.sty"
Package: gettitlestring 2010/12/03 v1.4 Cleanup title references (HO)
)
\c@section@level=\count148
)
LaTeX Info: Redefining \ref on input line 25.
LaTeX Info: Redefining \pageref on input line 25.
LaTeX Info: Redefining \nameref on input line 25.
(H:\workspace\Algoritmiek\report\report_assignment_4_ziengs_bart.out)
(H:\workspace\Algoritmiek\report\report_assignment_4_ziengs_bart.out)
\@outlinefile=\write4
LaTeX Font Info:    Try loading font information for U+msa on input line 28.

("Q:\MIKTEX-2.9-EN-W7Ex64\MiKTeX 2.9\tex\latex\amsfonts\umsa.fd"
File: umsa.fd 2013/01/14 v3.01 AMS symbols A
)
LaTeX Font Info:    Try loading font information for U+msb on input line 28.

("Q:\MIKTEX-2.9-EN-W7Ex64\MiKTeX 2.9\tex\latex\amsfonts\umsb.fd"
File: umsb.fd 2013/01/14 v3.01 AMS symbols B
)
LaTeX Font Info:    Font shape `OT1/ptm/bx/n' in size <10.95> not available
(Font)              Font shape `OT1/ptm/b/n' tried instead on input line 34.

Underfull \hbox (badness 10000) in paragraph at lines 34--39

 []

LaTeX Font Info:    Try loading font information for OMS+ptm on input line 44.
("Q:\MIKTEX-2.9-EN-W7Ex64\MiKTeX 2.9\tex\latex\psnfss\omsptm.fd"
File: omsptm.fd 
)
LaTeX Font Info:    Font shape `OMS/ptm/m/n' in size <10.95> not available
(Font)              Font shape `OMS/cmsy/m/n' tried instead on input line 44.
 [1

{C:/ProgramData/MiKTeX/2.9/pdftex/config/pdftex.map}]
LaTeX Font Info:    Try loading font information for OT1+phv on input line 64.

("Q:\MIKTEX-2.9-EN-W7Ex64\MiKTeX 2.9\tex\latex\psnfss\ot1phv.fd"
File: ot1phv.fd 2001/06/04 scalable font definitions for OT1/phv.
)
Package hyperref Info: bookmark level for unknown algorithm defaults to 0 on in
put line 84.


LaTeX Warning: `!h' float specifier changed to `!ht'.

LaTeX Font Info:    Font shape `OT1/ptm/bx/n' in size <14.4> not available
(Font)              Font shape `OT1/ptm/b/n' tried instead on input line 119.
Package atveryend Info: Empty hook `BeforeClearDocument' on input line 128.
[2] [3]
Package atveryend Info: Empty hook `AfterLastShipout' on input line 128.
 (H:\workspace\Algoritmiek\report\report_assignment_4_ziengs_bart.aux)
Package atveryend Info: Executing hook `AtVeryEndDocument' on input line 128.
Package atveryend Info: Executing hook `AtEndAfterFileList' on input line 128.
Package rerunfilecheck Info: File `report_assignment_4_ziengs_bart.out' has not
 changed.
(rerunfilecheck)             Checksum: D41D8CD98F00B204E9800998ECF8427E;0.
Package atveryend Info: Empty hook `AtVeryVeryEnd' on input line 128.
 ) 
Here is how much of TeX's memory you used:
 15973 strings out of 493921
 282100 string characters out of 3144469
 358241 words of memory out of 3000000
 18936 multiletter control sequences out of 15000+200000
 24390 words of font info for 57 fonts, out of 3000000 for 9000
 841 hyphenation exceptions out of 8191
 56i,11n,55p,470b,1005s stack positions out of 5000i,500n,10000p,200000b,50000s
{Q:/MIKTEX-2.9-EN-W7Ex64/MiKTeX 2.9/fonts/enc/dvips/fontname/8r.enc}<Q:/MIKTE
X-2.9-EN-W7Ex64/MiKTeX 2.9/fonts/type1/public/amsfonts/cm/cmex10.pfb><Q:/MIKTEX
-2.9-EN-W7Ex64/MiKTeX 2.9/fonts/type1/public/amsfonts/cm/cmmi10.pfb><Q:/MIKTEX-
2.9-EN-W7Ex64/MiKTeX 2.9/fonts/type1/public/amsfonts/cm/cmmi8.pfb><Q:/MIKTEX-2.
9-EN-W7Ex64/MiKTeX 2.9/fonts/type1/public/amsfonts/cm/cmr10.pfb><Q:/MIKTEX-2.9-
EN-W7Ex64/MiKTeX 2.9/fonts/type1/public/amsfonts/cm/cmsy10.pfb><Q:/MIKTEX-2.9-E
N-W7Ex64/MiKTeX 2.9/fonts/type1/public/amsfonts/cm/cmsy8.pfb><Q:/MIKTEX-2.9-EN-
W7Ex64/MiKTeX 2.9/fonts/type1/urw/helvetic/uhvr8a.pfb><Q:/MIKTEX-2.9-EN-W7Ex64/
MiKTeX 2.9/fonts/type1/urw/times/utmb8a.pfb><Q:/MIKTEX-2.9-EN-W7Ex64/MiKTeX 2.9
/fonts/type1/urw/times/utmr8a.pfb>
Output written on report_assignment_4_ziengs_bart.pdf (3 pages, 102894 bytes).
PDF statistics:
 74 PDF objects out of 1000 (max. 8388607)
 15 named destinations out of 1000 (max. 500000)
 13 words of extra memory for PDF output out of 10000 (max. 10000000)

